{"D:\\Netology\\2021\\task-JS4\\Lesson_9\\L9_t2\\src\\arraybufferconverter.js": {"path":"D:\\Netology\\2021\\task-JS4\\Lesson_9\\L9_t2\\src\\arraybufferconverter.js","statementMap":{"0":{"start":{"line":3,"column":8},"end":{"line":3,"column":20}},"1":{"start":{"line":7,"column":8},"end":{"line":7,"column":57}},"2":{"start":{"line":8,"column":8},"end":{"line":8,"column":29}},"3":{"start":{"line":12,"column":19},"end":{"line":12,"column":21}},"4":{"start":{"line":13,"column":27},"end":{"line":13,"column":55}},"5":{"start":{"line":14,"column":8},"end":{"line":16,"column":9}},"6":{"start":{"line":14,"column":21},"end":{"line":14,"column":22}},"7":{"start":{"line":15,"column":12},"end":{"line":15,"column":55}},"8":{"start":{"line":17,"column":8},"end":{"line":17,"column":20}}},"fnMap":{"0":{"name":"(anonymous_0)","decl":{"start":{"line":2,"column":4},"end":{"line":2,"column":5}},"loc":{"start":{"line":2,"column":18},"end":{"line":4,"column":5}},"line":2},"1":{"name":"(anonymous_1)","decl":{"start":{"line":6,"column":4},"end":{"line":6,"column":5}},"loc":{"start":{"line":6,"column":17},"end":{"line":9,"column":5}},"line":6},"2":{"name":"(anonymous_2)","decl":{"start":{"line":11,"column":4},"end":{"line":11,"column":5}},"loc":{"start":{"line":11,"column":15},"end":{"line":18,"column":5}},"line":11}},"branchMap":{},"s":{"0":1,"1":1,"2":1,"3":1,"4":1,"5":1,"6":1,"7":53,"8":1},"f":{"0":1,"1":1,"2":1},"b":{},"_coverageSchema":"1a1c01bbd47fc00a2c39e90264f33305004495a9","hash":"23c9f130668c6a406d934e852db3f275ce4191cc"}
,"D:\\Netology\\2021\\task-JS4\\Lesson_9\\L9_t2\\src\\getbuffer.js": {"path":"D:\\Netology\\2021\\task-JS4\\Lesson_9\\L9_t2\\src\\getbuffer.js","statementMap":{"0":{"start":{"line":2,"column":17},"end":{"line":2,"column":72}},"1":{"start":{"line":3,"column":4},"end":{"line":10,"column":13}},"2":{"start":{"line":4,"column":21},"end":{"line":4,"column":53}},"3":{"start":{"line":5,"column":25},"end":{"line":5,"column":48}},"4":{"start":{"line":6,"column":6},"end":{"line":8,"column":7}},"5":{"start":{"line":6,"column":19},"end":{"line":6,"column":20}},"6":{"start":{"line":7,"column":8},"end":{"line":7,"column":44}},"7":{"start":{"line":9,"column":6},"end":{"line":9,"column":20}}},"fnMap":{"0":{"name":"getBuffer","decl":{"start":{"line":1,"column":24},"end":{"line":1,"column":33}},"loc":{"start":{"line":1,"column":36},"end":{"line":11,"column":1}},"line":1},"1":{"name":"(anonymous_1)","decl":{"start":{"line":3,"column":12},"end":{"line":3,"column":13}},"loc":{"start":{"line":3,"column":21},"end":{"line":10,"column":5}},"line":3}},"branchMap":{},"s":{"0":1,"1":1,"2":1,"3":1,"4":1,"5":1,"6":53,"7":1},"f":{"0":1,"1":1},"b":{},"_coverageSchema":"1a1c01bbd47fc00a2c39e90264f33305004495a9","hash":"54a44eaa89bd3f957c31d9642fcf368cb59c4a59"}
}
